<?xml version="1.0" encoding="UTF-8"?>
<!-- Generated by org.testng.reporters.JUnitReportReporter -->
<testsuite hostname="DESKTOP-MJP4JQL" failures="0" tests="3" name="com.runner.TestRunner" time="29.307" errors="0" timestamp="2021-12-26T10:05:18 IST" skipped="0">
  <testcase classname="com.runner.TestRunner" name="runScenario" time="12.882"/>
  <system-out/>
  <testcase classname="com.runner.TestRunner" name="runScenario" time="16.396"/>
  <system-out/>
  <testcase classname="com.runner.TestRunner" name="runScenario" time="0.029"/>
  <system-out/>
</testsuite> <!-- com.runner.TestRunner -->
